c:\users\asus\documents\do_an_ky_iii\quanlybanhang\x64\debug\vc142.pdb
c:\users\asus\documents\do_an_ky_iii\quanlybanhang\x64\debug\.netframework,version=v4.6.1.assemblyattributes.obj
c:\users\asus\documents\do_an_ky_iii\quanlybanhang\x64\debug\quanly.obj
c:\users\asus\documents\do_an_ky_iii\quanlybanhang\x64\debug\log_in.obj
c:\users\asus\documents\do_an_ky_iii\quanlybanhang\x64\debug\loged_in.obj
c:\users\asus\documents\do_an_ky_iii\quanlybanhang\x64\debug\quanlybanhang.tlog\metagen.write.1.tlog
c:\users\asus\documents\do_an_ky_iii\quanlybanhang\x64\debug\bunifu_ui_v1.52.dll
c:\users\asus\documents\do_an_ky_iii\quanlybanhang\x64\debug\quanlybanhang.loged_in.resources
c:\users\asus\documents\do_an_ky_iii\quanlybanhang\x64\debug\quanlybanhang.log_in.resources
c:\users\asus\documents\do_an_ky_iii\quanlybanhang\x64\debug\quanlybanhang.res
c:\users\asus\documents\do_an_ky_iii\quanlybanhang\x64\debug\quanlybanhang.pdb
c:\users\asus\documents\do_an_ky_iii\quanlybanhang\x64\debug\quanlybanhang.exe.metagen
c:\users\asus\documents\do_an_ky_iii\quanlybanhang\x64\debug\quanlybanhang.exe
c:\users\asus\documents\do_an_ky_iii\quanlybanhang\x64\debug\quanlybanhang.tlog\cl.command.1.tlog
c:\users\asus\documents\do_an_ky_iii\quanlybanhang\x64\debug\quanlybanhang.tlog\cl.read.1.tlog
c:\users\asus\documents\do_an_ky_iii\quanlybanhang\x64\debug\quanlybanhang.tlog\cl.write.1.tlog
c:\users\asus\documents\do_an_ky_iii\quanlybanhang\x64\debug\quanlybanhang.tlog\link.command.1.tlog
c:\users\asus\documents\do_an_ky_iii\quanlybanhang\x64\debug\quanlybanhang.tlog\link.read.1.tlog
c:\users\asus\documents\do_an_ky_iii\quanlybanhang\x64\debug\quanlybanhang.tlog\link.write.1.tlog
c:\users\asus\documents\do_an_ky_iii\quanlybanhang\x64\debug\quanlybanhang.tlog\metagen.read.1.tlog
c:\users\asus\documents\do_an_ky_iii\quanlybanhang\x64\debug\quanlybanhang.tlog\quanlybanhang.read.1u.tlog
c:\users\asus\documents\do_an_ky_iii\quanlybanhang\x64\debug\quanlybanhang.tlog\quanlybanhang.write.1u.tlog
c:\users\asus\documents\do_an_ky_iii\quanlybanhang\x64\debug\quanlybanhang.tlog\rc.command.1.tlog
c:\users\asus\documents\do_an_ky_iii\quanlybanhang\x64\debug\quanlybanhang.tlog\rc.read.1.tlog
c:\users\asus\documents\do_an_ky_iii\quanlybanhang\x64\debug\quanlybanhang.tlog\rc.write.1.tlog
c:\users\asus\documents\do_an_ky_iii\quanlybanhang\x64\debug\quanlybanhang.tlog\bunifu_ui_v1.52.dll.metagen
